<?xml version="1.0" encoding="UTF-8"?>
<!-- Generated by org.testng.reporters.JUnitXMLReporter -->
<testsuite ignored="0" hostname="DESKTOP-H2ULFNK" failures="1" tests="1" name="Test" time="40.032" errors="0" timestamp="30 Nov 2019 09:04:35 GMT">
  <testcase classname="newtestdemo.Testngparameters" name="test" time="6.388">
    <failure type="java.lang.AssertionError" message="expected [Google] but found [Log in to Facebook | Facebook]">
      <![CDATA[java.lang.AssertionError: expected [Google] but found [Log in to Facebook | Facebook]
at newtestdemo.Testngparameters.test(Testngparameters.java:31)
... Removed 31 stack frames]]>
    </failure>
  </testcase> <!-- test -->
</testsuite> <!-- Test -->
